<?xml version="1.0" encoding="UTF-8"?>
<!-- Generated by org.testng.reporters.JUnitReportReporter -->
<testsuite hostname="Atillas-MacBook-Pro.local" failures="0" tests="3" name="scripts.CarsTest" time="66.115" errors="0" timestamp="2022-06-06T14:38:44 EDT" skipped="0">
  <testcase classname="scripts.CarsTest" name="validateSignInPageForm" time="15.753"/>
  <system-out/>
  <testcase classname="scripts.CarsTest" name="validateNotToSignIn" time="22.395"/>
  <system-out/>
  <testcase classname="scripts.CarsTest" name="validateSignInPageSocialMediaSection" time="27.967"/>
  <system-out/>
</testsuite> <!-- scripts.CarsTest -->
